<?xml version="1.0" encoding="UTF-8"?>
<testsuite name="TestConfiguration" tests="4" skipped="0" failures="0" errors="0" timestamp="2023-06-22T09:09:54" hostname="THEDUMBLEDODO" time="0.019">
  <properties/>
  <testcase name="testGet()" classname="TestConfiguration" time="0.011"/>
  <testcase name="testGetNode()" classname="TestConfiguration" time="0.004"/>
  <testcase name="testGetAsInteger()" classname="TestConfiguration" time="0.001"/>
  <testcase name="testGetAsList()" classname="TestConfiguration" time="0.001"/>
  <system-out><![CDATA[[config.yml]
]]></system-out>
  <system-err><![CDATA[]]></system-err>
</testsuite>
